<?xml version="1.0" encoding="UTF-8"?>
<!-- Generated by org.testng.reporters.JUnitReportReporter -->
<testsuite skipped="0" hostname="DESKTOP-M721MJ6" name="eu.restcountries.tests.LatviaEstoniaBorderTest" tests="1" failures="0" timestamp="06 бер. 2018 19:00:06 GMT" time="2.052" errors="0">
  <testcase name="latviaEstoniaBorderTest" time="2.052" classname="eu.restcountries.tests.LatviaEstoniaBorderTest"/>
</testsuite> <!-- eu.restcountries.tests.LatviaEstoniaBorderTest -->
