<?xml version="1.0" encoding="UTF-8"?>
<!-- Generated by org.testng.reporters.JUnitReportReporter -->
<testsuite skipped="0" hostname="DESKTOP-M721MJ6" name="nl.centralpoint.tests.PrijsFilterTest" tests="1" failures="0" timestamp="07 бер. 2018 12:31:15 GMT" time="63.085" errors="0">
  <testcase name="prijsFilterTest" time="63.085" classname="nl.centralpoint.tests.PrijsFilterTest"/>
</testsuite> <!-- nl.centralpoint.tests.PrijsFilterTest -->
