<?xml version="1.0" encoding="UTF-8"?>
<!-- Generated by org.testng.reporters.JUnitReportReporter -->
<testsuite skipped="0" hostname="DESKTOP-M721MJ6" name="nl.centralpoint.tests.RandomFilterTest" tests="1" failures="0" timestamp="07 бер. 2018 09:52:04 GMT" time="22.868" errors="0">
  <testcase name="randomFilterTest" time="22.868" classname="nl.centralpoint.tests.RandomFilterTest"/>
</testsuite> <!-- nl.centralpoint.tests.RandomFilterTest -->
