<?xml version="1.0" encoding="UTF-8"?>
<!-- Generated by org.testng.reporters.JUnitReportReporter -->
<testsuite skipped="0" hostname="DESKTOP-M721MJ6" name="eu.restcountries.tests.UkraineTest" tests="1" failures="0" timestamp="06 бер. 2018 19:03:33 GMT" time="2.180" errors="0">
  <testcase name="latviaEstoniaBorderTest" time="2.180" classname="eu.restcountries.tests.UkraineTest"/>
</testsuite> <!-- eu.restcountries.tests.UkraineTest -->
