<?xml version="1.0" encoding="UTF-8"?>
<!-- Generated by org.testng.reporters.JUnitReportReporter -->
<testsuite skipped="0" hostname="DESKTOP-M721MJ6" name="eu.estcountries.tests.LatviaEstoniaBorderTest" tests="1" failures="0" timestamp="06 бер. 2018 18:48:06 GMT" time="2.103" errors="0">
  <testcase name="latviaEstoniaBorderTest" time="2.103" classname="eu.estcountries.tests.LatviaEstoniaBorderTest"/>
</testsuite> <!-- eu.estcountries.tests.LatviaEstoniaBorderTest -->
